<?xml version="1.0" encoding="UTF-8"?>
<!-- Generated by org.testng.reporters.JUnitXMLReporter -->
<testsuite hostname="FUJINLUAN" name="ChannelTop" tests="7" failures="1" timestamp="4 Jan 2018 07:12:05 GMT"
           time="0.884" errors="0">
    <testcase name="channelTop0" time="0.387" classname="meibanStaffChannel.channelTop"/>
    <testcase name="channelTop1" time="0.095" classname="meibanStaffChannel.channelTop"/>
    <testcase name="channelTop2" time="0.043" classname="meibanStaffChannel.channelTop"/>
    <testcase name="channelTop3" time="0.04" classname="meibanStaffChannel.channelTop"/>
    <testcase name="channelTop4" time="0.041" classname="meibanStaffChannel.channelTop"/>
    <testcase name="channelTop5" time="0.206" classname="meibanStaffChannel.channelTop">
        <failure type="java.lang.AssertionError" message="10500 StateMessage:System error">
            <![CDATA[java.lang.AssertionError: 10500 StateMessage:System error
	at meibanStaffChannel.channelTop.channelTop5(channelTop.java:97)
... Removed 26 stack frames]]>
        </failure>
    </testcase> <!-- channelTop5 -->
    <testcase name="channelTop6" time="0.041" classname="meibanStaffChannel.channelTop"/>
</testsuite> <!-- ChannelTop -->
