<?xml version="1.0" encoding="UTF-8"?>
<!-- Generated by org.testng.reporters.JUnitXMLReporter -->
<testsuite hostname="FUJINLUAN" name="channelMyLight" tests="4" failures="0" timestamp="4 Jan 2018 07:40:27 GMT"
           time="1.033" errors="0">
    <testcase name="channelMyLight1" time="0.848" classname="meibanStaffChannel.channelMyLight"/>
    <testcase name="channelMyLight2" time="0.056" classname="meibanStaffChannel.channelMyLight"/>
    <testcase name="channelMyLight3" time="0.059" classname="meibanStaffChannel.channelMyLight"/>
    <testcase name="channelMyLight4" time="0.04" classname="meibanStaffChannel.channelMyLight"/>
</testsuite> <!-- channelMyLight -->
