<?xml version="1.0" encoding="UTF-8"?>
<!-- Generated by org.testng.reporters.JUnitXMLReporter -->
<testsuite hostname="FUJINLUAN" name="channelMemberList" tests="6" failures="1" timestamp="4 Jan 2018 08:11:27 GMT"
           time="1.257" errors="0">
    <testcase name="MemberList" time="0.942" classname="meibanStaffChannel.channelMemberList"/>
    <testcase name="MemberList1" time="0.084" classname="meibanStaffChannel.channelMemberList"/>
    <testcase name="MemberList2" time="0.065" classname="meibanStaffChannel.channelMemberList"/>
    <testcase name="MemberList3" time="0.038" classname="meibanStaffChannel.channelMemberList"/>
    <testcase name="MemberList4" time="0.037" classname="meibanStaffChannel.channelMemberList"/>
    <testcase name="MemberList5" time="0.065" classname="meibanStaffChannel.channelMemberList">
        <failure type="java.lang.AssertionError" message="10500 StateMessage:System error">
            <![CDATA[java.lang.AssertionError: 10500 StateMessage:System error
	at meibanStaffChannel.channelMemberList.MemberList5(channelMemberList.java:98)
... Removed 26 stack frames]]>
        </failure>
    </testcase> <!-- MemberList5 -->
</testsuite> <!-- channelMemberList -->
