<?xml version="1.0" encoding="UTF-8"?>
<!-- Generated by org.testng.reporters.JUnitXMLReporter -->
<testsuite hostname="FUJINLUAN" name="channelConf" tests="2" failures="1" timestamp="8 Jan 2018 07:14:57 GMT" time="0.5"
           errors="0">
    <testcase name="channelConf1" time="0.444" classname="meibanStaffChannel.channelConf"/>
    <testcase name="channelConf2" time="0.038" classname="meibanStaffChannel.channelConf">
        <failure type="java.lang.AssertionError" message="0 StateMessage:OK">
            <![CDATA[java.lang.AssertionError: 0 StateMessage:OK
	at meibanStaffChannel.channelConf.channelConf2(channelConf.java:39)
... Removed 26 stack frames]]>
        </failure>
    </testcase> <!-- channelConf2 -->
</testsuite> <!-- channelConf -->
