<?xml version="1.0" encoding="UTF-8"?>
<testsuite name="Test"
           tests="6"
           failures="0"
           errors="0"
           skipped="0"
           time="2.516">
    <properties/>


    <testcase name="staffList6" time="0.019" classname="meibanPCAddressList.staffList"/>
    <testcase name="staffList5" time="0.347" classname="meibanPCAddressList.staffList"/>
    <testcase name="staffList1" time="1.124" classname="meibanPCAddressList.staffList"/>
    <testcase name="staffList3" time="0.079" classname="meibanPCAddressList.staffList"/>
    <testcase name="staffList4" time="0.092" classname="meibanPCAddressList.staffList"/>
    <testcase name="staffList2" time="0.855" classname="meibanPCAddressList.staffList"/>

</testsuite>
