<?xml version="1.0" encoding="UTF-8"?>
<testng-results skipped="0" failed="0" total="1" passed="1">
  <reporter-output>
  </reporter-output>
  <suite name="Suite" duration-ms="20" started-at="2018-05-02T09:32:52Z" finished-at="2018-05-02T09:32:52Z">
    <groups>
    </groups>
    <test name="Test" duration-ms="20" started-at="2018-05-02T09:32:52Z" finished-at="2018-05-02T09:32:52Z">
      <class name="meidianMaven.meidianMaven.meidianTest">
        <test-method status="PASS" signature="fanli1()[pri:0, instance:meidianMaven.meidianMaven.meidianTest@45d6cba3]" name="fanli1" duration-ms="8" started-at="2018-05-02T17:32:52Z" finished-at="2018-05-02T17:32:52Z">
          <reporter-output>
          </reporter-output>
        </test-method> <!-- fanli1 -->
      </class> <!-- meidianMaven.meidianMaven.meidianTest -->
    </test> <!-- Test -->
  </suite> <!-- Suite -->
</testng-results>
