<?xml version="1.0" encoding="UTF-8"?>
<testng-results skipped="0" failed="0" total="2" passed="2">
    <reporter-output>
    </reporter-output>
    <suite name="Suite" duration-ms="514" started-at="2018-01-09T08:14:12Z" finished-at="2018-01-09T08:14:12Z">
        <groups>
        </groups>
        <test name="Test" duration-ms="514" started-at="2018-01-09T08:14:12Z" finished-at="2018-01-09T08:14:12Z">
            <class name="meibanPCAddressList.favDept_list">
                <test-method status="PASS"
                             signature="favDept_list1()[pri:0, instance:meibanPCAddressList.favDept_list@2360323b]"
                             name="favDept_list1" duration-ms="250" started-at="2018-01-09T16:14:12Z"
                             finished-at="2018-01-09T16:14:12Z">
                    <reporter-output>
                    </reporter-output>
                </test-method> <!-- favDept_list1 -->
                <test-method status="PASS"
                             signature="favDept_list2()[pri:0, instance:meibanPCAddressList.favDept_list@2360323b]"
                             name="favDept_list2" duration-ms="18" started-at="2018-01-09T16:14:12Z"
                             finished-at="2018-01-09T16:14:12Z">
                    <reporter-output>
                    </reporter-output>
                </test-method> <!-- favDept_list2 -->
            </class> <!-- meibanPCAddressList.favDept_list -->
        </test> <!-- Test -->
    </suite> <!-- Suite -->
</testng-results>
