<?xml version="1.0" encoding="UTF-8"?>
<testsuite name="Test"
           tests="5"
           failures="0"
           errors="0"
           skipped="0"
           time="0.432">
    <properties/>


    <testcase name="channelUpdateAdmin4" time="0.058" classname="meibanUserFindPassword.channelUpdateAdmin"/>
    <testcase name="channelUpdateAdmin3" time="0.052" classname="meibanUserFindPassword.channelUpdateAdmin"/>
    <testcase name="channelUpdateAdmin2" time="0.049" classname="meibanUserFindPassword.channelUpdateAdmin"/>
    <testcase name="channelUpdateAdmin1" time="0.252" classname="meibanUserFindPassword.channelUpdateAdmin"/>
    <testcase name="channelUpdateAdmin5" time="0.021" classname="meibanUserFindPassword.channelUpdateAdmin"/>

</testsuite>
